0 info it worked if it ends with ok
1 verbose cli [ 'node', '/usr/local/bin/npm', 'install' ]
2 info using npm@1.4.14
3 info using node@v0.10.29
4 verbose readDependencies using package.json deps
5 verbose install where, deps [ '/Users/jp/sites/Famo.us/fu',
5 verbose install   [ 'famous-metrics',
5 verbose install     'grunt',
5 verbose install     'grunt-contrib-clean',
5 verbose install     'grunt-contrib-connect',
5 verbose install     'grunt-contrib-watch',
5 verbose install     'grunt-contrib-copy',
5 verbose install     'grunt-contrib-requirejs',
5 verbose install     'grunt-contrib-htmlmin',
5 verbose install     'grunt-contrib-concat',
5 verbose install     'grunt-contrib-cssmin',
5 verbose install     'grunt-contrib-uglify',
5 verbose install     'grunt-rev',
5 verbose install     'grunt-bower-requirejs',
5 verbose install     'grunt-processhtml',
5 verbose install     'grunt-usemin',
5 verbose install     'grunt-eslint',
5 verbose install     'grunt-jscs-checker',
5 verbose install     'load-grunt-config',
5 verbose install     'time-grunt' ] ]
6 info preinstall fu@0.1.0
7 verbose readDependencies using package.json deps
8 verbose cache add [ 'famous-metrics@0.0.9', null ]
9 verbose cache add name=undefined spec="famous-metrics@0.0.9" args=["famous-metrics@0.0.9",null]
10 verbose parsed url { protocol: null,
10 verbose parsed url   slashes: null,
10 verbose parsed url   auth: null,
10 verbose parsed url   host: null,
10 verbose parsed url   port: null,
10 verbose parsed url   hostname: null,
10 verbose parsed url   hash: null,
10 verbose parsed url   search: null,
10 verbose parsed url   query: null,
10 verbose parsed url   pathname: 'famous-metrics@0.0.9',
10 verbose parsed url   path: 'famous-metrics@0.0.9',
10 verbose parsed url   href: 'famous-metrics@0.0.9' }
11 verbose cache add [ 'grunt@~0.4.4', null ]
12 verbose cache add name=undefined spec="grunt@~0.4.4" args=["grunt@~0.4.4",null]
13 verbose parsed url { protocol: null,
13 verbose parsed url   slashes: null,
13 verbose parsed url   auth: null,
13 verbose parsed url   host: null,
13 verbose parsed url   port: null,
13 verbose parsed url   hostname: null,
13 verbose parsed url   hash: null,
13 verbose parsed url   search: null,
13 verbose parsed url   query: null,
13 verbose parsed url   pathname: 'grunt@~0.4.4',
13 verbose parsed url   path: 'grunt@~0.4.4',
13 verbose parsed url   href: 'grunt@~0.4.4' }
14 verbose cache add name="famous-metrics" spec="0.0.9" args=["famous-metrics","0.0.9"]
15 verbose parsed url { protocol: null,
15 verbose parsed url   slashes: null,
15 verbose parsed url   auth: null,
15 verbose parsed url   host: null,
15 verbose parsed url   port: null,
15 verbose parsed url   hostname: null,
15 verbose parsed url   hash: null,
15 verbose parsed url   search: null,
15 verbose parsed url   query: null,
15 verbose parsed url   pathname: '0.0.9',
15 verbose parsed url   path: '0.0.9',
15 verbose parsed url   href: '0.0.9' }
16 verbose addNamed [ 'famous-metrics', '0.0.9' ]
17 verbose addNamed [ '0.0.9', '0.0.9' ]
18 verbose cache add [ 'grunt-contrib-clean@^0.5.0', null ]
19 verbose cache add name=undefined spec="grunt-contrib-clean@^0.5.0" args=["grunt-contrib-clean@^0.5.0",null]
20 verbose parsed url { protocol: null,
20 verbose parsed url   slashes: null,
20 verbose parsed url   auth: null,
20 verbose parsed url   host: null,
20 verbose parsed url   port: null,
20 verbose parsed url   hostname: null,
20 verbose parsed url   hash: null,
20 verbose parsed url   search: null,
20 verbose parsed url   query: null,
20 verbose parsed url   pathname: 'grunt-contrib-clean@^0.5.0',
20 verbose parsed url   path: 'grunt-contrib-clean@^0.5.0',
20 verbose parsed url   href: 'grunt-contrib-clean@^0.5.0' }
21 verbose cache add name="grunt" spec="~0.4.4" args=["grunt","~0.4.4"]
22 verbose parsed url { protocol: null,
22 verbose parsed url   slashes: null,
22 verbose parsed url   auth: null,
22 verbose parsed url   host: null,
22 verbose parsed url   port: null,
22 verbose parsed url   hostname: null,
22 verbose parsed url   hash: null,
22 verbose parsed url   search: null,
22 verbose parsed url   query: null,
22 verbose parsed url   pathname: '~0.4.4',
22 verbose parsed url   path: '~0.4.4',
22 verbose parsed url   href: '~0.4.4' }
23 verbose addNamed [ 'grunt', '~0.4.4' ]
24 verbose addNamed [ null, '>=0.4.4-0 <0.5.0-0' ]
25 silly lockFile 9938f28b-famous-metrics-0-0-9 famous-metrics@0.0.9
26 verbose lock famous-metrics@0.0.9 /Users/jp/.npm/9938f28b-famous-metrics-0-0-9.lock
27 silly lockFile c2e8a44a-grunt-0-4-4 grunt@~0.4.4
28 verbose lock grunt@~0.4.4 /Users/jp/.npm/c2e8a44a-grunt-0-4-4.lock
29 verbose cache add [ 'grunt-contrib-connect@^0.8.0', null ]
30 verbose cache add name=undefined spec="grunt-contrib-connect@^0.8.0" args=["grunt-contrib-connect@^0.8.0",null]
31 verbose parsed url { protocol: null,
31 verbose parsed url   slashes: null,
31 verbose parsed url   auth: null,
31 verbose parsed url   host: null,
31 verbose parsed url   port: null,
31 verbose parsed url   hostname: null,
31 verbose parsed url   hash: null,
31 verbose parsed url   search: null,
31 verbose parsed url   query: null,
31 verbose parsed url   pathname: 'grunt-contrib-connect@^0.8.0',
31 verbose parsed url   path: 'grunt-contrib-connect@^0.8.0',
31 verbose parsed url   href: 'grunt-contrib-connect@^0.8.0' }
32 verbose cache add name="grunt-contrib-clean" spec="^0.5.0" args=["grunt-contrib-clean","^0.5.0"]
33 verbose parsed url { protocol: null,
33 verbose parsed url   slashes: null,
33 verbose parsed url   auth: null,
33 verbose parsed url   host: null,
33 verbose parsed url   port: null,
33 verbose parsed url   hostname: null,
33 verbose parsed url   hash: null,
33 verbose parsed url   search: null,
33 verbose parsed url   query: null,
33 verbose parsed url   pathname: '^0.5.0',
33 verbose parsed url   path: '^0.5.0',
33 verbose parsed url   href: '^0.5.0' }
34 verbose addNamed [ 'grunt-contrib-clean', '^0.5.0' ]
35 verbose addNamed [ null, '>=0.5.0-0 <0.6.0-0' ]
36 silly lockFile b7d63f15-grunt-contrib-clean-0-5-0 grunt-contrib-clean@^0.5.0
37 verbose lock grunt-contrib-clean@^0.5.0 /Users/jp/.npm/b7d63f15-grunt-contrib-clean-0-5-0.lock
38 verbose cache add [ 'grunt-contrib-watch@^0.6.1', null ]
39 verbose cache add name=undefined spec="grunt-contrib-watch@^0.6.1" args=["grunt-contrib-watch@^0.6.1",null]
40 verbose parsed url { protocol: null,
40 verbose parsed url   slashes: null,
40 verbose parsed url   auth: null,
40 verbose parsed url   host: null,
40 verbose parsed url   port: null,
40 verbose parsed url   hostname: null,
40 verbose parsed url   hash: null,
40 verbose parsed url   search: null,
40 verbose parsed url   query: null,
40 verbose parsed url   pathname: 'grunt-contrib-watch@^0.6.1',
40 verbose parsed url   path: 'grunt-contrib-watch@^0.6.1',
40 verbose parsed url   href: 'grunt-contrib-watch@^0.6.1' }
41 verbose cache add name="grunt-contrib-connect" spec="^0.8.0" args=["grunt-contrib-connect","^0.8.0"]
42 verbose parsed url { protocol: null,
42 verbose parsed url   slashes: null,
42 verbose parsed url   auth: null,
42 verbose parsed url   host: null,
42 verbose parsed url   port: null,
42 verbose parsed url   hostname: null,
42 verbose parsed url   hash: null,
42 verbose parsed url   search: null,
42 verbose parsed url   query: null,
42 verbose parsed url   pathname: '^0.8.0',
42 verbose parsed url   path: '^0.8.0',
42 verbose parsed url   href: '^0.8.0' }
43 verbose addNamed [ 'grunt-contrib-connect', '^0.8.0' ]
44 verbose addNamed [ null, '>=0.8.0-0 <0.9.0-0' ]
45 silly lockFile 65329720-grunt-contrib-connect-0-8-0 grunt-contrib-connect@^0.8.0
46 verbose lock grunt-contrib-connect@^0.8.0 /Users/jp/.npm/65329720-grunt-contrib-connect-0-8-0.lock
47 verbose cache add [ 'grunt-contrib-copy@^0.5.0', null ]
48 verbose cache add name=undefined spec="grunt-contrib-copy@^0.5.0" args=["grunt-contrib-copy@^0.5.0",null]
49 verbose parsed url { protocol: null,
49 verbose parsed url   slashes: null,
49 verbose parsed url   auth: null,
49 verbose parsed url   host: null,
49 verbose parsed url   port: null,
49 verbose parsed url   hostname: null,
49 verbose parsed url   hash: null,
49 verbose parsed url   search: null,
49 verbose parsed url   query: null,
49 verbose parsed url   pathname: 'grunt-contrib-copy@^0.5.0',
49 verbose parsed url   path: 'grunt-contrib-copy@^0.5.0',
49 verbose parsed url   href: 'grunt-contrib-copy@^0.5.0' }
50 verbose cache add name="grunt-contrib-watch" spec="^0.6.1" args=["grunt-contrib-watch","^0.6.1"]
51 verbose parsed url { protocol: null,
51 verbose parsed url   slashes: null,
51 verbose parsed url   auth: null,
51 verbose parsed url   host: null,
51 verbose parsed url   port: null,
51 verbose parsed url   hostname: null,
51 verbose parsed url   hash: null,
51 verbose parsed url   search: null,
51 verbose parsed url   query: null,
51 verbose parsed url   pathname: '^0.6.1',
51 verbose parsed url   path: '^0.6.1',
51 verbose parsed url   href: '^0.6.1' }
52 verbose addNamed [ 'grunt-contrib-watch', '^0.6.1' ]
53 verbose addNamed [ null, '>=0.6.1-0 <0.7.0-0' ]
54 silly lockFile 224b1ece-grunt-contrib-watch-0-6-1 grunt-contrib-watch@^0.6.1
55 verbose lock grunt-contrib-watch@^0.6.1 /Users/jp/.npm/224b1ece-grunt-contrib-watch-0-6-1.lock
56 silly addNameRange { name: 'grunt', range: '>=0.4.4-0 <0.5.0-0', hasData: false }
57 verbose cache add [ 'grunt-contrib-htmlmin@^0.3.0', null ]
58 verbose cache add name=undefined spec="grunt-contrib-htmlmin@^0.3.0" args=["grunt-contrib-htmlmin@^0.3.0",null]
59 verbose parsed url { protocol: null,
59 verbose parsed url   slashes: null,
59 verbose parsed url   auth: null,
59 verbose parsed url   host: null,
59 verbose parsed url   port: null,
59 verbose parsed url   hostname: null,
59 verbose parsed url   hash: null,
59 verbose parsed url   search: null,
59 verbose parsed url   query: null,
59 verbose parsed url   pathname: 'grunt-contrib-htmlmin@^0.3.0',
59 verbose parsed url   path: 'grunt-contrib-htmlmin@^0.3.0',
59 verbose parsed url   href: 'grunt-contrib-htmlmin@^0.3.0' }
60 verbose cache add [ 'grunt-contrib-requirejs@^0.4.3', null ]
61 verbose cache add name=undefined spec="grunt-contrib-requirejs@^0.4.3" args=["grunt-contrib-requirejs@^0.4.3",null]
62 verbose parsed url { protocol: null,
62 verbose parsed url   slashes: null,
62 verbose parsed url   auth: null,
62 verbose parsed url   host: null,
62 verbose parsed url   port: null,
62 verbose parsed url   hostname: null,
62 verbose parsed url   hash: null,
62 verbose parsed url   search: null,
62 verbose parsed url   query: null,
62 verbose parsed url   pathname: 'grunt-contrib-requirejs@^0.4.3',
62 verbose parsed url   path: 'grunt-contrib-requirejs@^0.4.3',
62 verbose parsed url   href: 'grunt-contrib-requirejs@^0.4.3' }
63 verbose cache add name="grunt-contrib-copy" spec="^0.5.0" args=["grunt-contrib-copy","^0.5.0"]
64 verbose parsed url { protocol: null,
64 verbose parsed url   slashes: null,
64 verbose parsed url   auth: null,
64 verbose parsed url   host: null,
64 verbose parsed url   port: null,
64 verbose parsed url   hostname: null,
64 verbose parsed url   hash: null,
64 verbose parsed url   search: null,
64 verbose parsed url   query: null,
64 verbose parsed url   pathname: '^0.5.0',
64 verbose parsed url   path: '^0.5.0',
64 verbose parsed url   href: '^0.5.0' }
65 verbose addNamed [ 'grunt-contrib-copy', '^0.5.0' ]
66 verbose addNamed [ null, '>=0.5.0-0 <0.6.0-0' ]
67 silly lockFile 0ed305e4-grunt-contrib-copy-0-5-0 grunt-contrib-copy@^0.5.0
68 verbose lock grunt-contrib-copy@^0.5.0 /Users/jp/.npm/0ed305e4-grunt-contrib-copy-0-5-0.lock
69 silly addNameRange { name: 'grunt-contrib-clean',
69 silly addNameRange   range: '>=0.5.0-0 <0.6.0-0',
69 silly addNameRange   hasData: false }
70 verbose cache add name="grunt-contrib-htmlmin" spec="^0.3.0" args=["grunt-contrib-htmlmin","^0.3.0"]
71 verbose parsed url { protocol: null,
71 verbose parsed url   slashes: null,
71 verbose parsed url   auth: null,
71 verbose parsed url   host: null,
71 verbose parsed url   port: null,
71 verbose parsed url   hostname: null,
71 verbose parsed url   hash: null,
71 verbose parsed url   search: null,
71 verbose parsed url   query: null,
71 verbose parsed url   pathname: '^0.3.0',
71 verbose parsed url   path: '^0.3.0',
71 verbose parsed url   href: '^0.3.0' }
72 verbose addNamed [ 'grunt-contrib-htmlmin', '^0.3.0' ]
73 verbose addNamed [ null, '>=0.3.0-0 <0.4.0-0' ]
74 silly lockFile 955689d3-grunt-contrib-htmlmin-0-3-0 grunt-contrib-htmlmin@^0.3.0
75 verbose lock grunt-contrib-htmlmin@^0.3.0 /Users/jp/.npm/955689d3-grunt-contrib-htmlmin-0-3-0.lock
76 verbose cache add [ 'grunt-contrib-concat@^0.4.0', null ]
77 verbose cache add name=undefined spec="grunt-contrib-concat@^0.4.0" args=["grunt-contrib-concat@^0.4.0",null]
78 verbose parsed url { protocol: null,
78 verbose parsed url   slashes: null,
78 verbose parsed url   auth: null,
78 verbose parsed url   host: null,
78 verbose parsed url   port: null,
78 verbose parsed url   hostname: null,
78 verbose parsed url   hash: null,
78 verbose parsed url   search: null,
78 verbose parsed url   query: null,
78 verbose parsed url   pathname: 'grunt-contrib-concat@^0.4.0',
78 verbose parsed url   path: 'grunt-contrib-concat@^0.4.0',
78 verbose parsed url   href: 'grunt-contrib-concat@^0.4.0' }
79 verbose cache add [ 'grunt-contrib-cssmin@^0.10.0', null ]
80 verbose cache add name=undefined spec="grunt-contrib-cssmin@^0.10.0" args=["grunt-contrib-cssmin@^0.10.0",null]
81 verbose parsed url { protocol: null,
81 verbose parsed url   slashes: null,
81 verbose parsed url   auth: null,
81 verbose parsed url   host: null,
81 verbose parsed url   port: null,
81 verbose parsed url   hostname: null,
81 verbose parsed url   hash: null,
81 verbose parsed url   search: null,
81 verbose parsed url   query: null,
81 verbose parsed url   pathname: 'grunt-contrib-cssmin@^0.10.0',
81 verbose parsed url   path: 'grunt-contrib-cssmin@^0.10.0',
81 verbose parsed url   href: 'grunt-contrib-cssmin@^0.10.0' }
82 verbose cache add name="grunt-contrib-requirejs" spec="^0.4.3" args=["grunt-contrib-requirejs","^0.4.3"]
83 verbose parsed url { protocol: null,
83 verbose parsed url   slashes: null,
83 verbose parsed url   auth: null,
83 verbose parsed url   host: null,
83 verbose parsed url   port: null,
83 verbose parsed url   hostname: null,
83 verbose parsed url   hash: null,
83 verbose parsed url   search: null,
83 verbose parsed url   query: null,
83 verbose parsed url   pathname: '^0.4.3',
83 verbose parsed url   path: '^0.4.3',
83 verbose parsed url   href: '^0.4.3' }
84 verbose addNamed [ 'grunt-contrib-requirejs', '^0.4.3' ]
85 verbose addNamed [ null, '>=0.4.3-0 <0.5.0-0' ]
86 silly lockFile 9d1830b5-grunt-contrib-requirejs-0-4-3 grunt-contrib-requirejs@^0.4.3
87 verbose lock grunt-contrib-requirejs@^0.4.3 /Users/jp/.npm/9d1830b5-grunt-contrib-requirejs-0-4-3.lock
88 silly addNameRange { name: 'grunt-contrib-connect',
88 silly addNameRange   range: '>=0.8.0-0 <0.9.0-0',
88 silly addNameRange   hasData: false }
89 silly addNameRange { name: 'grunt-contrib-watch',
89 silly addNameRange   range: '>=0.6.1-0 <0.7.0-0',
89 silly addNameRange   hasData: false }
90 verbose cache add name="grunt-contrib-concat" spec="^0.4.0" args=["grunt-contrib-concat","^0.4.0"]
91 verbose parsed url { protocol: null,
91 verbose parsed url   slashes: null,
91 verbose parsed url   auth: null,
91 verbose parsed url   host: null,
91 verbose parsed url   port: null,
91 verbose parsed url   hostname: null,
91 verbose parsed url   hash: null,
91 verbose parsed url   search: null,
91 verbose parsed url   query: null,
91 verbose parsed url   pathname: '^0.4.0',
91 verbose parsed url   path: '^0.4.0',
91 verbose parsed url   href: '^0.4.0' }
92 verbose addNamed [ 'grunt-contrib-concat', '^0.4.0' ]
93 verbose addNamed [ null, '>=0.4.0-0 <0.5.0-0' ]
94 silly lockFile cce3fe1f-grunt-contrib-concat-0-4-0 grunt-contrib-concat@^0.4.0
95 verbose lock grunt-contrib-concat@^0.4.0 /Users/jp/.npm/cce3fe1f-grunt-contrib-concat-0-4-0.lock
96 verbose cache add name="grunt-contrib-cssmin" spec="^0.10.0" args=["grunt-contrib-cssmin","^0.10.0"]
97 verbose parsed url { protocol: null,
97 verbose parsed url   slashes: null,
97 verbose parsed url   auth: null,
97 verbose parsed url   host: null,
97 verbose parsed url   port: null,
97 verbose parsed url   hostname: null,
97 verbose parsed url   hash: null,
97 verbose parsed url   search: null,
97 verbose parsed url   query: null,
97 verbose parsed url   pathname: '^0.10.0',
97 verbose parsed url   path: '^0.10.0',
97 verbose parsed url   href: '^0.10.0' }
98 verbose addNamed [ 'grunt-contrib-cssmin', '^0.10.0' ]
99 verbose addNamed [ null, '>=0.10.0-0 <0.11.0-0' ]
100 silly lockFile 27341b2e-grunt-contrib-cssmin-0-10-0 grunt-contrib-cssmin@^0.10.0
101 verbose lock grunt-contrib-cssmin@^0.10.0 /Users/jp/.npm/27341b2e-grunt-contrib-cssmin-0-10-0.lock
102 verbose cache add [ 'grunt-contrib-uglify@^0.5.0', null ]
103 verbose cache add name=undefined spec="grunt-contrib-uglify@^0.5.0" args=["grunt-contrib-uglify@^0.5.0",null]
104 verbose parsed url { protocol: null,
104 verbose parsed url   slashes: null,
104 verbose parsed url   auth: null,
104 verbose parsed url   host: null,
104 verbose parsed url   port: null,
104 verbose parsed url   hostname: null,
104 verbose parsed url   hash: null,
104 verbose parsed url   search: null,
104 verbose parsed url   query: null,
104 verbose parsed url   pathname: 'grunt-contrib-uglify@^0.5.0',
104 verbose parsed url   path: 'grunt-contrib-uglify@^0.5.0',
104 verbose parsed url   href: 'grunt-contrib-uglify@^0.5.0' }
105 silly addNameRange { name: 'grunt-contrib-copy',
105 silly addNameRange   range: '>=0.5.0-0 <0.6.0-0',
105 silly addNameRange   hasData: false }
106 silly addNameRange { name: 'grunt-contrib-htmlmin',
106 silly addNameRange   range: '>=0.3.0-0 <0.4.0-0',
106 silly addNameRange   hasData: false }
107 verbose cache add name="grunt-contrib-uglify" spec="^0.5.0" args=["grunt-contrib-uglify","^0.5.0"]
108 verbose parsed url { protocol: null,
108 verbose parsed url   slashes: null,
108 verbose parsed url   auth: null,
108 verbose parsed url   host: null,
108 verbose parsed url   port: null,
108 verbose parsed url   hostname: null,
108 verbose parsed url   hash: null,
108 verbose parsed url   search: null,
108 verbose parsed url   query: null,
108 verbose parsed url   pathname: '^0.5.0',
108 verbose parsed url   path: '^0.5.0',
108 verbose parsed url   href: '^0.5.0' }
109 verbose addNamed [ 'grunt-contrib-uglify', '^0.5.0' ]
110 verbose addNamed [ null, '>=0.5.0-0 <0.6.0-0' ]
111 silly lockFile b02d0f00-grunt-contrib-uglify-0-5-0 grunt-contrib-uglify@^0.5.0
112 verbose lock grunt-contrib-uglify@^0.5.0 /Users/jp/.npm/b02d0f00-grunt-contrib-uglify-0-5-0.lock
113 silly addNameRange { name: 'grunt-contrib-requirejs',
113 silly addNameRange   range: '>=0.4.3-0 <0.5.0-0',
113 silly addNameRange   hasData: false }
114 silly addNameRange { name: 'grunt-contrib-concat',
114 silly addNameRange   range: '>=0.4.0-0 <0.5.0-0',
114 silly addNameRange   hasData: false }
115 silly addNameRange { name: 'grunt-contrib-cssmin',
115 silly addNameRange   range: '>=0.10.0-0 <0.11.0-0',
115 silly addNameRange   hasData: false }
116 verbose cache add [ 'grunt-bower-requirejs@^0.11.0', null ]
117 verbose cache add name=undefined spec="grunt-bower-requirejs@^0.11.0" args=["grunt-bower-requirejs@^0.11.0",null]
118 verbose parsed url { protocol: null,
118 verbose parsed url   slashes: null,
118 verbose parsed url   auth: null,
118 verbose parsed url   host: null,
118 verbose parsed url   port: null,
118 verbose parsed url   hostname: null,
118 verbose parsed url   hash: null,
118 verbose parsed url   search: null,
118 verbose parsed url   query: null,
118 verbose parsed url   pathname: 'grunt-bower-requirejs@^0.11.0',
118 verbose parsed url   path: 'grunt-bower-requirejs@^0.11.0',
118 verbose parsed url   href: 'grunt-bower-requirejs@^0.11.0' }
119 verbose cache add [ 'grunt-rev@^0.1.0', null ]
120 verbose cache add name=undefined spec="grunt-rev@^0.1.0" args=["grunt-rev@^0.1.0",null]
121 verbose parsed url { protocol: null,
121 verbose parsed url   slashes: null,
121 verbose parsed url   auth: null,
121 verbose parsed url   host: null,
121 verbose parsed url   port: null,
121 verbose parsed url   hostname: null,
121 verbose parsed url   hash: null,
121 verbose parsed url   search: null,
121 verbose parsed url   query: null,
121 verbose parsed url   pathname: 'grunt-rev@^0.1.0',
121 verbose parsed url   path: 'grunt-rev@^0.1.0',
121 verbose parsed url   href: 'grunt-rev@^0.1.0' }
122 verbose url raw famous-metrics
123 verbose url resolving [ 'https://registry.npmjs.org/', './famous-metrics' ]
124 verbose url resolved https://registry.npmjs.org/famous-metrics
125 info trying registry request attempt 1 at 07:27:39
126 verbose etag "4TVKJ1EG3N4YU8MXRF7SMN6J5"
127 http GET https://registry.npmjs.org/famous-metrics
128 verbose cache add name="grunt-bower-requirejs" spec="^0.11.0" args=["grunt-bower-requirejs","^0.11.0"]
129 verbose parsed url { protocol: null,
129 verbose parsed url   slashes: null,
129 verbose parsed url   auth: null,
129 verbose parsed url   host: null,
129 verbose parsed url   port: null,
129 verbose parsed url   hostname: null,
129 verbose parsed url   hash: null,
129 verbose parsed url   search: null,
129 verbose parsed url   query: null,
129 verbose parsed url   pathname: '^0.11.0',
129 verbose parsed url   path: '^0.11.0',
129 verbose parsed url   href: '^0.11.0' }
130 verbose addNamed [ 'grunt-bower-requirejs', '^0.11.0' ]
131 verbose addNamed [ null, '>=0.11.0-0 <0.12.0-0' ]
132 silly lockFile 7a5d559e-grunt-bower-requirejs-0-11-0 grunt-bower-requirejs@^0.11.0
133 verbose lock grunt-bower-requirejs@^0.11.0 /Users/jp/.npm/7a5d559e-grunt-bower-requirejs-0-11-0.lock
134 verbose cache add [ 'grunt-processhtml@^0.3.3', null ]
135 verbose cache add name=undefined spec="grunt-processhtml@^0.3.3" args=["grunt-processhtml@^0.3.3",null]
136 verbose parsed url { protocol: null,
136 verbose parsed url   slashes: null,
136 verbose parsed url   auth: null,
136 verbose parsed url   host: null,
136 verbose parsed url   port: null,
136 verbose parsed url   hostname: null,
136 verbose parsed url   hash: null,
136 verbose parsed url   search: null,
136 verbose parsed url   query: null,
136 verbose parsed url   pathname: 'grunt-processhtml@^0.3.3',
136 verbose parsed url   path: 'grunt-processhtml@^0.3.3',
136 verbose parsed url   href: 'grunt-processhtml@^0.3.3' }
137 verbose cache add [ 'grunt-usemin@^2.1.1', null ]
138 verbose cache add name=undefined spec="grunt-usemin@^2.1.1" args=["grunt-usemin@^2.1.1",null]
139 verbose parsed url { protocol: null,
139 verbose parsed url   slashes: null,
139 verbose parsed url   auth: null,
139 verbose parsed url   host: null,
139 verbose parsed url   port: null,
139 verbose parsed url   hostname: null,
139 verbose parsed url   hash: null,
139 verbose parsed url   search: null,
139 verbose parsed url   query: null,
139 verbose parsed url   pathname: 'grunt-usemin@^2.1.1',
139 verbose parsed url   path: 'grunt-usemin@^2.1.1',
139 verbose parsed url   href: 'grunt-usemin@^2.1.1' }
140 verbose cache add [ 'grunt-eslint@^0.5.0', null ]
141 verbose cache add name=undefined spec="grunt-eslint@^0.5.0" args=["grunt-eslint@^0.5.0",null]
142 verbose parsed url { protocol: null,
142 verbose parsed url   slashes: null,
142 verbose parsed url   auth: null,
142 verbose parsed url   host: null,
142 verbose parsed url   port: null,
142 verbose parsed url   hostname: null,
142 verbose parsed url   hash: null,
142 verbose parsed url   search: null,
142 verbose parsed url   query: null,
142 verbose parsed url   pathname: 'grunt-eslint@^0.5.0',
142 verbose parsed url   path: 'grunt-eslint@^0.5.0',
142 verbose parsed url   href: 'grunt-eslint@^0.5.0' }
143 verbose cache add [ 'grunt-jscs-checker@^0.6.0', null ]
144 verbose cache add name=undefined spec="grunt-jscs-checker@^0.6.0" args=["grunt-jscs-checker@^0.6.0",null]
145 verbose parsed url { protocol: null,
145 verbose parsed url   slashes: null,
145 verbose parsed url   auth: null,
145 verbose parsed url   host: null,
145 verbose parsed url   port: null,
145 verbose parsed url   hostname: null,
145 verbose parsed url   hash: null,
145 verbose parsed url   search: null,
145 verbose parsed url   query: null,
145 verbose parsed url   pathname: 'grunt-jscs-checker@^0.6.0',
145 verbose parsed url   path: 'grunt-jscs-checker@^0.6.0',
145 verbose parsed url   href: 'grunt-jscs-checker@^0.6.0' }
146 verbose cache add [ 'load-grunt-config@^0.10.0', null ]
147 verbose cache add name=undefined spec="load-grunt-config@^0.10.0" args=["load-grunt-config@^0.10.0",null]
148 verbose parsed url { protocol: null,
148 verbose parsed url   slashes: null,
148 verbose parsed url   auth: null,
148 verbose parsed url   host: null,
148 verbose parsed url   port: null,
148 verbose parsed url   hostname: null,
148 verbose parsed url   hash: null,
148 verbose parsed url   search: null,
148 verbose parsed url   query: null,
148 verbose parsed url   pathname: 'load-grunt-config@^0.10.0',
148 verbose parsed url   path: 'load-grunt-config@^0.10.0',
148 verbose parsed url   href: 'load-grunt-config@^0.10.0' }
149 verbose cache add [ 'time-grunt@^0.3.1', null ]
150 verbose cache add name=undefined spec="time-grunt@^0.3.1" args=["time-grunt@^0.3.1",null]
151 verbose parsed url { protocol: null,
151 verbose parsed url   slashes: null,
151 verbose parsed url   auth: null,
151 verbose parsed url   host: null,
151 verbose parsed url   port: null,
151 verbose parsed url   hostname: null,
151 verbose parsed url   hash: null,
151 verbose parsed url   search: null,
151 verbose parsed url   query: null,
151 verbose parsed url   pathname: 'time-grunt@^0.3.1',
151 verbose parsed url   path: 'time-grunt@^0.3.1',
151 verbose parsed url   href: 'time-grunt@^0.3.1' }
152 verbose cache add name="grunt-rev" spec="^0.1.0" args=["grunt-rev","^0.1.0"]
153 verbose parsed url { protocol: null,
153 verbose parsed url   slashes: null,
153 verbose parsed url   auth: null,
153 verbose parsed url   host: null,
153 verbose parsed url   port: null,
153 verbose parsed url   hostname: null,
153 verbose parsed url   hash: null,
153 verbose parsed url   search: null,
153 verbose parsed url   query: null,
153 verbose parsed url   pathname: '^0.1.0',
153 verbose parsed url   path: '^0.1.0',
153 verbose parsed url   href: '^0.1.0' }
154 verbose addNamed [ 'grunt-rev', '^0.1.0' ]
155 verbose addNamed [ null, '>=0.1.0-0 <0.2.0-0' ]
156 silly lockFile 85436e72-grunt-rev-0-1-0 grunt-rev@^0.1.0
157 verbose lock grunt-rev@^0.1.0 /Users/jp/.npm/85436e72-grunt-rev-0-1-0.lock
158 verbose url raw grunt
159 verbose url resolving [ 'https://registry.npmjs.org/', './grunt' ]
160 verbose url resolved https://registry.npmjs.org/grunt
161 info trying registry request attempt 1 at 07:27:39
162 verbose etag "DYYFTDCDYO7WCF17WWIQK7XQB"
163 http GET https://registry.npmjs.org/grunt
164 verbose url raw grunt-contrib-clean
165 verbose url resolving [ 'https://registry.npmjs.org/', './grunt-contrib-clean' ]
166 verbose url resolved https://registry.npmjs.org/grunt-contrib-clean
167 info trying registry request attempt 1 at 07:27:39
168 verbose etag "76KKWOM60RRXYH56N38SUDRMP"
169 http GET https://registry.npmjs.org/grunt-contrib-clean
170 silly addNameRange { name: 'grunt-contrib-uglify',
170 silly addNameRange   range: '>=0.5.0-0 <0.6.0-0',
170 silly addNameRange   hasData: false }
171 verbose cache add name="grunt-processhtml" spec="^0.3.3" args=["grunt-processhtml","^0.3.3"]
172 verbose parsed url { protocol: null,
172 verbose parsed url   slashes: null,
172 verbose parsed url   auth: null,
172 verbose parsed url   host: null,
172 verbose parsed url   port: null,
172 verbose parsed url   hostname: null,
172 verbose parsed url   hash: null,
172 verbose parsed url   search: null,
172 verbose parsed url   query: null,
172 verbose parsed url   pathname: '^0.3.3',
172 verbose parsed url   path: '^0.3.3',
172 verbose parsed url   href: '^0.3.3' }
173 verbose addNamed [ 'grunt-processhtml', '^0.3.3' ]
174 verbose addNamed [ null, '>=0.3.3-0 <0.4.0-0' ]
175 silly lockFile ce0d3d9c-grunt-processhtml-0-3-3 grunt-processhtml@^0.3.3
176 verbose lock grunt-processhtml@^0.3.3 /Users/jp/.npm/ce0d3d9c-grunt-processhtml-0-3-3.lock
177 verbose cache add name="grunt-usemin" spec="^2.1.1" args=["grunt-usemin","^2.1.1"]
178 verbose parsed url { protocol: null,
178 verbose parsed url   slashes: null,
178 verbose parsed url   auth: null,
178 verbose parsed url   host: null,
178 verbose parsed url   port: null,
178 verbose parsed url   hostname: null,
178 verbose parsed url   hash: null,
178 verbose parsed url   search: null,
178 verbose parsed url   query: null,
178 verbose parsed url   pathname: '^2.1.1',
178 verbose parsed url   path: '^2.1.1',
178 verbose parsed url   href: '^2.1.1' }
179 verbose addNamed [ 'grunt-usemin', '^2.1.1' ]
180 verbose addNamed [ null, '>=2.1.1-0 <3.0.0-0' ]
181 silly lockFile 910747d3-grunt-usemin-2-1-1 grunt-usemin@^2.1.1
182 verbose lock grunt-usemin@^2.1.1 /Users/jp/.npm/910747d3-grunt-usemin-2-1-1.lock
183 verbose cache add name="grunt-eslint" spec="^0.5.0" args=["grunt-eslint","^0.5.0"]
184 verbose parsed url { protocol: null,
184 verbose parsed url   slashes: null,
184 verbose parsed url   auth: null,
184 verbose parsed url   host: null,
184 verbose parsed url   port: null,
184 verbose parsed url   hostname: null,
184 verbose parsed url   hash: null,
184 verbose parsed url   search: null,
184 verbose parsed url   query: null,
184 verbose parsed url   pathname: '^0.5.0',
184 verbose parsed url   path: '^0.5.0',
184 verbose parsed url   href: '^0.5.0' }
185 verbose addNamed [ 'grunt-eslint', '^0.5.0' ]
186 verbose addNamed [ null, '>=0.5.0-0 <0.6.0-0' ]
187 silly lockFile 66b9c225-grunt-eslint-0-5-0 grunt-eslint@^0.5.0
188 verbose lock grunt-eslint@^0.5.0 /Users/jp/.npm/66b9c225-grunt-eslint-0-5-0.lock
189 verbose cache add name="grunt-jscs-checker" spec="^0.6.0" args=["grunt-jscs-checker","^0.6.0"]
190 verbose parsed url { protocol: null,
190 verbose parsed url   slashes: null,
190 verbose parsed url   auth: null,
190 verbose parsed url   host: null,
190 verbose parsed url   port: null,
190 verbose parsed url   hostname: null,
190 verbose parsed url   hash: null,
190 verbose parsed url   search: null,
190 verbose parsed url   query: null,
190 verbose parsed url   pathname: '^0.6.0',
190 verbose parsed url   path: '^0.6.0',
190 verbose parsed url   href: '^0.6.0' }
191 verbose addNamed [ 'grunt-jscs-checker', '^0.6.0' ]
192 verbose addNamed [ null, '>=0.6.0-0 <0.7.0-0' ]
193 silly lockFile 3f284b56-grunt-jscs-checker-0-6-0 grunt-jscs-checker@^0.6.0
194 verbose lock grunt-jscs-checker@^0.6.0 /Users/jp/.npm/3f284b56-grunt-jscs-checker-0-6-0.lock
195 verbose cache add name="load-grunt-config" spec="^0.10.0" args=["load-grunt-config","^0.10.0"]
196 verbose parsed url { protocol: null,
196 verbose parsed url   slashes: null,
196 verbose parsed url   auth: null,
196 verbose parsed url   host: null,
196 verbose parsed url   port: null,
196 verbose parsed url   hostname: null,
196 verbose parsed url   hash: null,
196 verbose parsed url   search: null,
196 verbose parsed url   query: null,
196 verbose parsed url   pathname: '^0.10.0',
196 verbose parsed url   path: '^0.10.0',
196 verbose parsed url   href: '^0.10.0' }
197 verbose addNamed [ 'load-grunt-config', '^0.10.0' ]
198 verbose addNamed [ null, '>=0.10.0-0 <0.11.0-0' ]
199 silly lockFile 65db3db6-load-grunt-config-0-10-0 load-grunt-config@^0.10.0
200 verbose lock load-grunt-config@^0.10.0 /Users/jp/.npm/65db3db6-load-grunt-config-0-10-0.lock
201 verbose cache add name="time-grunt" spec="^0.3.1" args=["time-grunt","^0.3.1"]
202 verbose parsed url { protocol: null,
202 verbose parsed url   slashes: null,
202 verbose parsed url   auth: null,
202 verbose parsed url   host: null,
202 verbose parsed url   port: null,
202 verbose parsed url   hostname: null,
202 verbose parsed url   hash: null,
202 verbose parsed url   search: null,
202 verbose parsed url   query: null,
202 verbose parsed url   pathname: '^0.3.1',
202 verbose parsed url   path: '^0.3.1',
202 verbose parsed url   href: '^0.3.1' }
203 verbose addNamed [ 'time-grunt', '^0.3.1' ]
204 verbose addNamed [ null, '>=0.3.1-0 <0.4.0-0' ]
205 silly lockFile c6fdd19d-time-grunt-0-3-1 time-grunt@^0.3.1
206 verbose lock time-grunt@^0.3.1 /Users/jp/.npm/c6fdd19d-time-grunt-0-3-1.lock
207 verbose url raw grunt-contrib-connect
208 verbose url resolving [ 'https://registry.npmjs.org/', './grunt-contrib-connect' ]
209 verbose url resolved https://registry.npmjs.org/grunt-contrib-connect
210 info trying registry request attempt 1 at 07:27:39
211 verbose etag "4BQZ2WRTPHSPDXP8ENDXRD8IW"
212 http GET https://registry.npmjs.org/grunt-contrib-connect
213 verbose url raw grunt-contrib-watch
214 verbose url resolving [ 'https://registry.npmjs.org/', './grunt-contrib-watch' ]
215 verbose url resolved https://registry.npmjs.org/grunt-contrib-watch
216 info trying registry request attempt 1 at 07:27:39
217 verbose etag "DMD4WO42CKKL6NM8QAO9LS9B7"
218 http GET https://registry.npmjs.org/grunt-contrib-watch
219 silly addNameRange { name: 'grunt-bower-requirejs',
219 silly addNameRange   range: '>=0.11.0-0 <0.12.0-0',
219 silly addNameRange   hasData: false }
220 silly addNameRange { name: 'grunt-rev',
220 silly addNameRange   range: '>=0.1.0-0 <0.2.0-0',
220 silly addNameRange   hasData: false }
221 verbose url raw grunt-contrib-copy
222 verbose url resolving [ 'https://registry.npmjs.org/', './grunt-contrib-copy' ]
223 verbose url resolved https://registry.npmjs.org/grunt-contrib-copy
224 info trying registry request attempt 1 at 07:27:39
225 verbose etag "3V3PCUTJNTEMKZF25PFM9OEWN"
226 http GET https://registry.npmjs.org/grunt-contrib-copy
227 verbose url raw grunt-contrib-htmlmin
228 verbose url resolving [ 'https://registry.npmjs.org/', './grunt-contrib-htmlmin' ]
229 verbose url resolved https://registry.npmjs.org/grunt-contrib-htmlmin
230 info trying registry request attempt 1 at 07:27:39
231 verbose etag "8V7Z493Z20GXL546NELQTRUIP"
232 http GET https://registry.npmjs.org/grunt-contrib-htmlmin
233 silly addNameRange { name: 'grunt-processhtml',
233 silly addNameRange   range: '>=0.3.3-0 <0.4.0-0',
233 silly addNameRange   hasData: false }
234 silly addNameRange { name: 'grunt-usemin',
234 silly addNameRange   range: '>=2.1.1-0 <3.0.0-0',
234 silly addNameRange   hasData: false }
235 silly addNameRange { name: 'grunt-eslint',
235 silly addNameRange   range: '>=0.5.0-0 <0.6.0-0',
235 silly addNameRange   hasData: false }
236 silly addNameRange { name: 'grunt-jscs-checker',
236 silly addNameRange   range: '>=0.6.0-0 <0.7.0-0',
236 silly addNameRange   hasData: false }
237 silly addNameRange { name: 'load-grunt-config',
237 silly addNameRange   range: '>=0.10.0-0 <0.11.0-0',
237 silly addNameRange   hasData: false }
238 silly addNameRange { name: 'time-grunt',
238 silly addNameRange   range: '>=0.3.1-0 <0.4.0-0',
238 silly addNameRange   hasData: false }
239 verbose url raw grunt-contrib-requirejs
240 verbose url resolving [ 'https://registry.npmjs.org/', './grunt-contrib-requirejs' ]
241 verbose url resolved https://registry.npmjs.org/grunt-contrib-requirejs
242 info trying registry request attempt 1 at 07:27:39
243 verbose etag "1USVWBPIYB78OXTN5JUTOAB8L"
244 http GET https://registry.npmjs.org/grunt-contrib-requirejs
245 verbose url raw grunt-contrib-concat
246 verbose url resolving [ 'https://registry.npmjs.org/', './grunt-contrib-concat' ]
247 verbose url resolved https://registry.npmjs.org/grunt-contrib-concat
248 info trying registry request attempt 1 at 07:27:39
249 verbose etag "AHAT0KX0800YQ2B9FM7ZUBSKU"
250 http GET https://registry.npmjs.org/grunt-contrib-concat
251 verbose url raw grunt-contrib-cssmin
252 verbose url resolving [ 'https://registry.npmjs.org/', './grunt-contrib-cssmin' ]
253 verbose url resolved https://registry.npmjs.org/grunt-contrib-cssmin
254 info trying registry request attempt 1 at 07:27:39
255 verbose etag "EKOOQ1Y30JAPDD9JQBE1CL9AY"
256 http GET https://registry.npmjs.org/grunt-contrib-cssmin
257 verbose url raw grunt-contrib-uglify
258 verbose url resolving [ 'https://registry.npmjs.org/', './grunt-contrib-uglify' ]
259 verbose url resolved https://registry.npmjs.org/grunt-contrib-uglify
260 info trying registry request attempt 1 at 07:27:39
261 verbose etag "BL5QBUBOR9QI7LBYSCNZZIU6F"
262 http GET https://registry.npmjs.org/grunt-contrib-uglify
263 verbose url raw grunt-rev
264 verbose url resolving [ 'https://registry.npmjs.org/', './grunt-rev' ]
265 verbose url resolved https://registry.npmjs.org/grunt-rev
266 info trying registry request attempt 1 at 07:27:39
267 verbose etag "1BIN3OPUMJ8C2CACMZ8KC4OAV"
268 http GET https://registry.npmjs.org/grunt-rev
269 verbose url raw grunt-bower-requirejs
270 verbose url resolving [ 'https://registry.npmjs.org/', './grunt-bower-requirejs' ]
271 verbose url resolved https://registry.npmjs.org/grunt-bower-requirejs
272 info trying registry request attempt 1 at 07:27:39
273 verbose etag "81FJLKY00DC6CA8NUY39Y08MU"
274 http GET https://registry.npmjs.org/grunt-bower-requirejs
275 verbose url raw grunt-usemin
276 verbose url resolving [ 'https://registry.npmjs.org/', './grunt-usemin' ]
277 verbose url resolved https://registry.npmjs.org/grunt-usemin
278 info trying registry request attempt 1 at 07:27:39
279 verbose etag "4PM26CPF44BFH2BFRY97WR86M"
280 http GET https://registry.npmjs.org/grunt-usemin
281 verbose url raw grunt-eslint
282 verbose url resolving [ 'https://registry.npmjs.org/', './grunt-eslint' ]
283 verbose url resolved https://registry.npmjs.org/grunt-eslint
284 info trying registry request attempt 1 at 07:27:39
285 verbose etag "6INMJKCHNLN6UWDOLBIVAG5GO"
286 http GET https://registry.npmjs.org/grunt-eslint
287 verbose url raw load-grunt-config
288 verbose url resolving [ 'https://registry.npmjs.org/', './load-grunt-config' ]
289 verbose url resolved https://registry.npmjs.org/load-grunt-config
290 info trying registry request attempt 1 at 07:27:39
291 verbose etag "EWZ2W4OZAVOX2ATMCEUXP1DSR"
292 http GET https://registry.npmjs.org/load-grunt-config
293 verbose url raw grunt-jscs-checker
294 verbose url resolving [ 'https://registry.npmjs.org/', './grunt-jscs-checker' ]
295 verbose url resolved https://registry.npmjs.org/grunt-jscs-checker
296 info trying registry request attempt 1 at 07:27:39
297 verbose etag "D50BQNMCQIVR9BFWXF2FNGQSQ"
298 http GET https://registry.npmjs.org/grunt-jscs-checker
299 verbose url raw grunt-processhtml
300 verbose url resolving [ 'https://registry.npmjs.org/', './grunt-processhtml' ]
301 verbose url resolved https://registry.npmjs.org/grunt-processhtml
302 info trying registry request attempt 1 at 07:27:39
303 verbose etag "5KOJDKV7WIJA5O4494DH0AVNM"
304 http GET https://registry.npmjs.org/grunt-processhtml
305 verbose url raw time-grunt
306 verbose url resolving [ 'https://registry.npmjs.org/', './time-grunt' ]
307 verbose url resolved https://registry.npmjs.org/time-grunt
308 info trying registry request attempt 1 at 07:27:39
309 verbose etag "2W834LU77GDS5QLSZV2LYVIIN"
310 http GET https://registry.npmjs.org/time-grunt
311 http 304 https://registry.npmjs.org/grunt-contrib-clean
312 silly registry.get cb [ 304,
312 silly registry.get   { date: 'Tue, 22 Jul 2014 14:27:40 GMT',
312 silly registry.get     server: 'Apache',
312 silly registry.get     via: '1.1 varnish',
312 silly registry.get     'last-modified': 'Tue, 22 Jul 2014 14:27:40 GMT',
312 silly registry.get     'cache-control': 'max-age=60',
312 silly registry.get     etag: '"76KKWOM60RRXYH56N38SUDRMP"',
312 silly registry.get     'x-served-by': 'cache-lax1429-LAX',
312 silly registry.get     'x-cache': 'HIT',
312 silly registry.get     'x-cache-hits': '1',
312 silly registry.get     'x-timer': 'S1406039260.002498,VS0,VE0',
312 silly registry.get     vary: 'Accept',
312 silly registry.get     'content-length': '0',
312 silly registry.get     'keep-alive': 'timeout=10, max=50',
312 silly registry.get     connection: 'Keep-Alive' } ]
313 verbose etag grunt-contrib-clean from cache
314 http 304 https://registry.npmjs.org/grunt-contrib-watch
315 silly registry.get cb [ 304,
315 silly registry.get   { date: 'Tue, 22 Jul 2014 14:27:40 GMT',
315 silly registry.get     server: 'Apache',
315 silly registry.get     via: '1.1 varnish',
315 silly registry.get     'last-modified': 'Tue, 22 Jul 2014 14:27:40 GMT',
315 silly registry.get     'cache-control': 'max-age=60',
315 silly registry.get     etag: '"DMD4WO42CKKL6NM8QAO9LS9B7"',
315 silly registry.get     'x-served-by': 'cache-lax1425-LAX',
315 silly registry.get     'x-cache': 'HIT',
315 silly registry.get     'x-cache-hits': '1',
315 silly registry.get     'x-timer': 'S1406039260.010076,VS0,VE0',
315 silly registry.get     vary: 'Accept',
315 silly registry.get     'content-length': '0',
315 silly registry.get     'keep-alive': 'timeout=10, max=50',
315 silly registry.get     connection: 'Keep-Alive' } ]
316 verbose etag grunt-contrib-watch from cache
317 silly addNameRange number 2 { name: 'grunt-contrib-watch',
317 silly addNameRange   range: '>=0.6.1-0 <0.7.0-0',
317 silly addNameRange   hasData: true }
318 silly addNameRange versions [ 'grunt-contrib-watch',
318 silly addNameRange   [ '0.1.0',
318 silly addNameRange     '0.1.1',
318 silly addNameRange     '0.1.2',
318 silly addNameRange     '0.1.3',
318 silly addNameRange     '0.1.4',
318 silly addNameRange     '0.2.0',
318 silly addNameRange     '0.3.0',
318 silly addNameRange     '0.3.1',
318 silly addNameRange     '0.4.0',
318 silly addNameRange     '0.4.1',
318 silly addNameRange     '0.4.2',
318 silly addNameRange     '0.4.3',
318 silly addNameRange     '0.4.4',
318 silly addNameRange     '0.5.0',
318 silly addNameRange     '0.5.1',
318 silly addNameRange     '0.5.2',
318 silly addNameRange     '0.5.3',
318 silly addNameRange     '0.6.0',
318 silly addNameRange     '0.6.1',
318 silly addNameRange     '0.2.0-a',
318 silly addNameRange     '0.2.0-rc5',
318 silly addNameRange     '0.2.0-rc7' ] ]
319 verbose addNamed [ 'grunt-contrib-watch', '0.6.1' ]
320 verbose addNamed [ '0.6.1', '0.6.1' ]
321 silly lockFile 08049756-grunt-contrib-watch-0-6-1 grunt-contrib-watch@0.6.1
322 verbose lock grunt-contrib-watch@0.6.1 /Users/jp/.npm/08049756-grunt-contrib-watch-0-6-1.lock
323 silly addNameRange number 2 { name: 'grunt-contrib-clean',
323 silly addNameRange   range: '>=0.5.0-0 <0.6.0-0',
323 silly addNameRange   hasData: true }
324 silly addNameRange versions [ 'grunt-contrib-clean',
324 silly addNameRange   [ '0.1.0',
324 silly addNameRange     '0.2.0',
324 silly addNameRange     '0.3.0',
324 silly addNameRange     '0.3.1',
324 silly addNameRange     '0.3.2',
324 silly addNameRange     '0.4.0',
324 silly addNameRange     '0.4.1',
324 silly addNameRange     '0.5.0',
324 silly addNameRange     '0.4.0-a',
324 silly addNameRange     '0.4.0-rc5',
324 silly addNameRange     '0.4.0-rc6' ] ]
325 verbose addNamed [ 'grunt-contrib-clean', '0.5.0' ]
326 verbose addNamed [ '0.5.0', '0.5.0' ]
327 silly lockFile 9e0b1814-grunt-contrib-clean-0-5-0 grunt-contrib-clean@0.5.0
328 verbose lock grunt-contrib-clean@0.5.0 /Users/jp/.npm/9e0b1814-grunt-contrib-clean-0-5-0.lock
329 silly lockFile 9e0b1814-grunt-contrib-clean-0-5-0 grunt-contrib-clean@0.5.0
330 silly lockFile 9e0b1814-grunt-contrib-clean-0-5-0 grunt-contrib-clean@0.5.0
331 silly lockFile b7d63f15-grunt-contrib-clean-0-5-0 grunt-contrib-clean@^0.5.0
332 silly lockFile b7d63f15-grunt-contrib-clean-0-5-0 grunt-contrib-clean@^0.5.0
333 silly lockFile 08049756-grunt-contrib-watch-0-6-1 grunt-contrib-watch@0.6.1
334 silly lockFile 08049756-grunt-contrib-watch-0-6-1 grunt-contrib-watch@0.6.1
335 silly lockFile 224b1ece-grunt-contrib-watch-0-6-1 grunt-contrib-watch@^0.6.1
336 silly lockFile 224b1ece-grunt-contrib-watch-0-6-1 grunt-contrib-watch@^0.6.1
337 http 304 https://registry.npmjs.org/grunt-contrib-copy
338 silly registry.get cb [ 304,
338 silly registry.get   { date: 'Tue, 22 Jul 2014 14:27:40 GMT',
338 silly registry.get     server: 'Apache',
338 silly registry.get     via: '1.1 varnish',
338 silly registry.get     'last-modified': 'Tue, 22 Jul 2014 14:27:40 GMT',
338 silly registry.get     'cache-control': 'max-age=60',
338 silly registry.get     etag: '"3V3PCUTJNTEMKZF25PFM9OEWN"',
338 silly registry.get     'x-served-by': 'cache-lax1429-LAX',
338 silly registry.get     'x-cache': 'HIT',
338 silly registry.get     'x-cache-hits': '1',
338 silly registry.get     'x-timer': 'S1406039260.031978,VS0,VE0',
338 silly registry.get     vary: 'Accept',
338 silly registry.get     'content-length': '0',
338 silly registry.get     'keep-alive': 'timeout=10, max=49',
338 silly registry.get     connection: 'Keep-Alive' } ]
339 verbose etag grunt-contrib-copy from cache
340 silly addNameRange number 2 { name: 'grunt-contrib-copy',
340 silly addNameRange   range: '>=0.5.0-0 <0.6.0-0',
340 silly addNameRange   hasData: true }
341 silly addNameRange versions [ 'grunt-contrib-copy',
341 silly addNameRange   [ '0.2.0',
341 silly addNameRange     '0.2.1',
341 silly addNameRange     '0.2.2',
341 silly addNameRange     '0.2.3',
341 silly addNameRange     '0.2.4',
341 silly addNameRange     '0.3.0',
341 silly addNameRange     '0.3.1',
341 silly addNameRange     '0.3.2',
341 silly addNameRange     '0.4.0',
341 silly addNameRange     '0.4.1',
341 silly addNameRange     '0.5.0',
341 silly addNameRange     '0.4.0-rc7' ] ]
342 verbose addNamed [ 'grunt-contrib-copy', '0.5.0' ]
343 verbose addNamed [ '0.5.0', '0.5.0' ]
344 silly lockFile a598d2f8-grunt-contrib-copy-0-5-0 grunt-contrib-copy@0.5.0
345 verbose lock grunt-contrib-copy@0.5.0 /Users/jp/.npm/a598d2f8-grunt-contrib-copy-0-5-0.lock
346 silly lockFile a598d2f8-grunt-contrib-copy-0-5-0 grunt-contrib-copy@0.5.0
347 silly lockFile a598d2f8-grunt-contrib-copy-0-5-0 grunt-contrib-copy@0.5.0
348 silly lockFile 0ed305e4-grunt-contrib-copy-0-5-0 grunt-contrib-copy@^0.5.0
349 silly lockFile 0ed305e4-grunt-contrib-copy-0-5-0 grunt-contrib-copy@^0.5.0
350 http 304 https://registry.npmjs.org/grunt
351 silly registry.get cb [ 304,
351 silly registry.get   { date: 'Tue, 22 Jul 2014 14:27:40 GMT',
351 silly registry.get     server: 'Apache',
351 silly registry.get     via: '1.1 varnish',
351 silly registry.get     'last-modified': 'Tue, 22 Jul 2014 14:27:40 GMT',
351 silly registry.get     'cache-control': 'max-age=60',
351 silly registry.get     etag: '"DYYFTDCDYO7WCF17WWIQK7XQB"',
351 silly registry.get     'x-served-by': 'cache-lax1422-LAX',
351 silly registry.get     'x-cache': 'HIT',
351 silly registry.get     'x-cache-hits': '1',
351 silly registry.get     'x-timer': 'S1406039260.003540,VS0,VE38',
351 silly registry.get     vary: 'Accept',
351 silly registry.get     'content-length': '0',
351 silly registry.get     'keep-alive': 'timeout=10, max=50',
351 silly registry.get     connection: 'Keep-Alive' } ]
352 verbose etag grunt from cache
353 silly addNameRange number 2 { name: 'grunt', range: '>=0.4.4-0 <0.5.0-0', hasData: true }
354 silly addNameRange versions [ 'grunt',
354 silly addNameRange   [ '0.1.0',
354 silly addNameRange     '0.1.1',
354 silly addNameRange     '0.1.2',
354 silly addNameRange     '0.2.0',
354 silly addNameRange     '0.2.1',
354 silly addNameRange     '0.2.2',
354 silly addNameRange     '0.2.3',
354 silly addNameRange     '0.2.4',
354 silly addNameRange     '0.2.5',
354 silly addNameRange     '0.2.6',
354 silly addNameRange     '0.2.7',
354 silly addNameRange     '0.2.8',
354 silly addNameRange     '0.2.9',
354 silly addNameRange     '0.2.10',
354 silly addNameRange     '0.2.11',
354 silly addNameRange     '0.2.12',
354 silly addNameRange     '0.2.13',
354 silly addNameRange     '0.2.14',
354 silly addNameRange     '0.2.15',
354 silly addNameRange     '0.3.0',
354 silly addNameRange     '0.3.1',
354 silly addNameRange     '0.3.2',
354 silly addNameRange     '0.3.3',
354 silly addNameRange     '0.3.4',
354 silly addNameRange     '0.3.5',
354 silly addNameRange     '0.3.6',
354 silly addNameRange     '0.3.7',
354 silly addNameRange     '0.3.8',
354 silly addNameRange     '0.3.9',
354 silly addNameRange     '0.3.10',
354 silly addNameRange     '0.3.11',
354 silly addNameRange     '0.3.12',
354 silly addNameRange     '0.3.13',
354 silly addNameRange     '0.3.14',
354 silly addNameRange     '0.3.15',
354 silly addNameRange     '0.3.16',
354 silly addNameRange     '0.3.17',
354 silly addNameRange     '0.4.0',
354 silly addNameRange     '0.4.1',
354 silly addNameRange     '0.4.2',
354 silly addNameRange     '0.4.3',
354 silly addNameRange     '0.4.4',
354 silly addNameRange     '0.4.5',
354 silly addNameRange     '0.3.13-a',
354 silly addNameRange     '0.4.0-a',
354 silly addNameRange     '0.4.0-rc1',
354 silly addNameRange     '0.4.0-rc2',
354 silly addNameRange     '0.4.0-rc3',
354 silly addNameRange     '0.4.0-rc4',
354 silly addNameRange     '0.4.0-rc5',
354 silly addNameRange     '0.4.0-rc6',
354 silly addNameRange     '0.4.0-rc7',
354 silly addNameRange     '0.4.0-rc8' ] ]
355 verbose addNamed [ 'grunt', '0.4.5' ]
356 verbose addNamed [ '0.4.5', '0.4.5' ]
357 silly lockFile 81abf7ad-grunt-0-4-5 grunt@0.4.5
358 verbose lock grunt@0.4.5 /Users/jp/.npm/81abf7ad-grunt-0-4-5.lock
359 http 304 https://registry.npmjs.org/famous-metrics
360 silly registry.get cb [ 304,
360 silly registry.get   { date: 'Tue, 22 Jul 2014 14:27:40 GMT',
360 silly registry.get     server: 'Apache',
360 silly registry.get     via: '1.1 varnish',
360 silly registry.get     'last-modified': 'Tue, 22 Jul 2014 14:27:40 GMT',
360 silly registry.get     'cache-control': 'max-age=60',
360 silly registry.get     etag: '"4TVKJ1EG3N4YU8MXRF7SMN6J5"',
360 silly registry.get     'x-served-by': 'cache-lax1429-LAX',
360 silly registry.get     'x-cache': 'MISS',
360 silly registry.get     'x-cache-hits': '0',
360 silly registry.get     'x-timer': 'S1406039260.001829,VS0,VE40',
360 silly registry.get     vary: 'Accept',
360 silly registry.get     'content-length': '0',
360 silly registry.get     'keep-alive': 'timeout=10, max=50',
360 silly registry.get     connection: 'Keep-Alive' } ]
361 verbose etag famous-metrics from cache
362 silly lockFile 81abf7ad-grunt-0-4-5 grunt@0.4.5
363 silly lockFile 81abf7ad-grunt-0-4-5 grunt@0.4.5
364 silly lockFile c2e8a44a-grunt-0-4-4 grunt@~0.4.4
365 silly lockFile c2e8a44a-grunt-0-4-4 grunt@~0.4.4
366 silly lockFile 9938f28b-famous-metrics-0-0-9 famous-metrics@0.0.9
367 silly lockFile 9938f28b-famous-metrics-0-0-9 famous-metrics@0.0.9
368 error Error: EACCES, open '/Users/jp/.npm/famous-metrics/0.0.9/package/package.json'
368 error  { [Error: EACCES, open '/Users/jp/.npm/famous-metrics/0.0.9/package/package.json']
368 error   errno: 3,
368 error   code: 'EACCES',
368 error   path: '/Users/jp/.npm/famous-metrics/0.0.9/package/package.json',
368 error   parent: 'fu' }
369 error Please try running this command again as root/Administrator.
370 error System Darwin 13.3.0
371 error command "node" "/usr/local/bin/npm" "install"
372 error cwd /Users/jp/sites/Famo.us/fu
373 error node -v v0.10.29
374 error npm -v 1.4.14
375 error path /Users/jp/.npm/famous-metrics/0.0.9/package/package.json
376 error code EACCES
377 error errno 3
378 error stack Error: EACCES, open '/Users/jp/.npm/famous-metrics/0.0.9/package/package.json'
379 verbose exit [ 3, true ]
